---------------------------------------------------------------
[ 2019-12-05T17:29:18+08:00 ] 172.26.2.252 GET /static/favicon.ico
[ error ] [1]Uncaught think\exception\TemplateNotFoundException: template not exists:/opt/web/thing/public/../application/404.html in /opt/web/thing/thinkphp/library/think/view/driver/Think.php:82
Stack trace:
#0 /opt/web/thing/thinkphp/library/think/View.php(163): think\view\driver\Think->fetch('/opt/web/thing/...', Array, Array)
#1 /opt/web/thing/thinkphp/library/think/response/View.php(36): think\View->fetch('/opt/web/thing/...', Array, Array)
#2 /opt/web/thing/thinkphp/library/think/Response.php(309): think\response\View->output('/opt/web/thing/...')
#3 /opt/web/thing/thinkphp/library/think/Response.php(94): think\Response->getContent()
#4 /opt/web/thing/thinkphp/library/think/Error.php(52): think\Response->send()
#5 [internal function]: think\Error::appException(Object(think\exception\HttpException))
#6 {main}
  thrown
---------------------------------------------------------------
[ 2019-12-05T17:30:31+08:00 ] 172.26.2.252 GET /static/favicon.ico
[ error ] [1]Uncaught think\exception\TemplateNotFoundException: template not exists:/opt/web/thing/public/../application/404.html in /opt/web/thing/thinkphp/library/think/view/driver/Think.php:82
Stack trace:
#0 /opt/web/thing/thinkphp/library/think/View.php(163): think\view\driver\Think->fetch('/opt/web/thing/...', Array, Array)
#1 /opt/web/thing/thinkphp/library/think/response/View.php(36): think\View->fetch('/opt/web/thing/...', Array, Array)
#2 /opt/web/thing/thinkphp/library/think/Response.php(309): think\response\View->output('/opt/web/thing/...')
#3 /opt/web/thing/thinkphp/library/think/Response.php(94): think\Response->getContent()
#4 /opt/web/thing/thinkphp/library/think/Error.php(52): think\Response->send()
#5 [internal function]: think\Error::appException(Object(think\exception\HttpException))
#6 {main}
  thrown
---------------------------------------------------------------
[ 2019-12-05T17:30:37+08:00 ] 172.26.2.252 GET /static/favicon.ico
[ error ] [1]Uncaught think\exception\TemplateNotFoundException: template not exists:/opt/web/thing/public/../application/404.html in /opt/web/thing/thinkphp/library/think/view/driver/Think.php:82
Stack trace:
#0 /opt/web/thing/thinkphp/library/think/View.php(163): think\view\driver\Think->fetch('/opt/web/thing/...', Array, Array)
#1 /opt/web/thing/thinkphp/library/think/response/View.php(36): think\View->fetch('/opt/web/thing/...', Array, Array)
#2 /opt/web/thing/thinkphp/library/think/Response.php(309): think\response\View->output('/opt/web/thing/...')
#3 /opt/web/thing/thinkphp/library/think/Response.php(94): think\Response->getContent()
#4 /opt/web/thing/thinkphp/library/think/Error.php(52): think\Response->send()
#5 [internal function]: think\Error::appException(Object(think\exception\HttpException))
#6 {main}
  thrown
---------------------------------------------------------------
[ 2019-12-05T17:30:40+08:00 ] 172.26.2.252 GET /static/favicon.ico
[ error ] [1]Uncaught think\exception\TemplateNotFoundException: template not exists:/opt/web/thing/public/../application/404.html in /opt/web/thing/thinkphp/library/think/view/driver/Think.php:82
Stack trace:
#0 /opt/web/thing/thinkphp/library/think/View.php(163): think\view\driver\Think->fetch('/opt/web/thing/...', Array, Array)
#1 /opt/web/thing/thinkphp/library/think/response/View.php(36): think\View->fetch('/opt/web/thing/...', Array, Array)
#2 /opt/web/thing/thinkphp/library/think/Response.php(309): think\response\View->output('/opt/web/thing/...')
#3 /opt/web/thing/thinkphp/library/think/Response.php(94): think\Response->getContent()
#4 /opt/web/thing/thinkphp/library/think/Error.php(52): think\Response->send()
#5 [internal function]: think\Error::appException(Object(think\exception\HttpException))
#6 {main}
  thrown
---------------------------------------------------------------
[ 2019-12-05T17:30:44+08:00 ] 172.26.2.252 GET /static/favicon.ico
[ error ] [1]Uncaught think\exception\TemplateNotFoundException: template not exists:/opt/web/thing/public/../application/404.html in /opt/web/thing/thinkphp/library/think/view/driver/Think.php:82
Stack trace:
#0 /opt/web/thing/thinkphp/library/think/View.php(163): think\view\driver\Think->fetch('/opt/web/thing/...', Array, Array)
#1 /opt/web/thing/thinkphp/library/think/response/View.php(36): think\View->fetch('/opt/web/thing/...', Array, Array)
#2 /opt/web/thing/thinkphp/library/think/Response.php(309): think\response\View->output('/opt/web/thing/...')
#3 /opt/web/thing/thinkphp/library/think/Response.php(94): think\Response->getContent()
#4 /opt/web/thing/thinkphp/library/think/Error.php(52): think\Response->send()
#5 [internal function]: think\Error::appException(Object(think\exception\HttpException))
#6 {main}
  thrown
---------------------------------------------------------------
[ 2019-12-05T17:30:50+08:00 ] 172.26.2.252 GET /static/favicon.ico
[ error ] [1]Uncaught think\exception\TemplateNotFoundException: template not exists:/opt/web/thing/public/../application/404.html in /opt/web/thing/thinkphp/library/think/view/driver/Think.php:82
Stack trace:
#0 /opt/web/thing/thinkphp/library/think/View.php(163): think\view\driver\Think->fetch('/opt/web/thing/...', Array, Array)
#1 /opt/web/thing/thinkphp/library/think/response/View.php(36): think\View->fetch('/opt/web/thing/...', Array, Array)
#2 /opt/web/thing/thinkphp/library/think/Response.php(309): think\response\View->output('/opt/web/thing/...')
#3 /opt/web/thing/thinkphp/library/think/Response.php(94): think\Response->getContent()
#4 /opt/web/thing/thinkphp/library/think/Error.php(52): think\Response->send()
#5 [internal function]: think\Error::appException(Object(think\exception\HttpException))
#6 {main}
  thrown
---------------------------------------------------------------
[ 2019-12-05T17:31:31+08:00 ] 172.26.2.252 GET /static/favicon.ico
[ error ] [1]Uncaught think\exception\TemplateNotFoundException: template not exists:/opt/web/thing/public/../application/404.html in /opt/web/thing/thinkphp/library/think/view/driver/Think.php:82
Stack trace:
#0 /opt/web/thing/thinkphp/library/think/View.php(163): think\view\driver\Think->fetch('/opt/web/thing/...', Array, Array)
#1 /opt/web/thing/thinkphp/library/think/response/View.php(36): think\View->fetch('/opt/web/thing/...', Array, Array)
#2 /opt/web/thing/thinkphp/library/think/Response.php(309): think\response\View->output('/opt/web/thing/...')
#3 /opt/web/thing/thinkphp/library/think/Response.php(94): think\Response->getContent()
#4 /opt/web/thing/thinkphp/library/think/Error.php(52): think\Response->send()
#5 [internal function]: think\Error::appException(Object(think\exception\HttpException))
#6 {main}
  thrown
---------------------------------------------------------------
[ 2019-12-05T17:59:05+08:00 ] 172.26.2.252 GET /static/favicon.ico
[ error ] [1]Uncaught think\exception\TemplateNotFoundException: template not exists:/opt/web/thing/public/../application/404.html in /opt/web/thing/thinkphp/library/think/view/driver/Think.php:82
Stack trace:
#0 /opt/web/thing/thinkphp/library/think/View.php(163): think\view\driver\Think->fetch('/opt/web/thing/...', Array, Array)
#1 /opt/web/thing/thinkphp/library/think/response/View.php(36): think\View->fetch('/opt/web/thing/...', Array, Array)
#2 /opt/web/thing/thinkphp/library/think/Response.php(309): think\response\View->output('/opt/web/thing/...')
#3 /opt/web/thing/thinkphp/library/think/Response.php(94): think\Response->getContent()
#4 /opt/web/thing/thinkphp/library/think/Error.php(52): think\Response->send()
#5 [internal function]: think\Error::appException(Object(think\exception\HttpException))
#6 {main}
  thrown
---------------------------------------------------------------
[ 2019-12-05T17:59:25+08:00 ] 172.26.2.252 GET /static/favicon.ico
[ error ] [1]Uncaught think\exception\TemplateNotFoundException: template not exists:/opt/web/thing/public/../application/404.html in /opt/web/thing/thinkphp/library/think/view/driver/Think.php:82
Stack trace:
#0 /opt/web/thing/thinkphp/library/think/View.php(163): think\view\driver\Think->fetch('/opt/web/thing/...', Array, Array)
#1 /opt/web/thing/thinkphp/library/think/response/View.php(36): think\View->fetch('/opt/web/thing/...', Array, Array)
#2 /opt/web/thing/thinkphp/library/think/Response.php(309): think\response\View->output('/opt/web/thing/...')
#3 /opt/web/thing/thinkphp/library/think/Response.php(94): think\Response->getContent()
#4 /opt/web/thing/thinkphp/library/think/Error.php(52): think\Response->send()
#5 [internal function]: think\Error::appException(Object(think\exception\HttpException))
#6 {main}
  thrown
---------------------------------------------------------------
[ 2019-12-05T17:59:30+08:00 ] 172.26.2.252 GET /static/favicon.ico
[ error ] [1]Uncaught think\exception\TemplateNotFoundException: template not exists:/opt/web/thing/public/../application/404.html in /opt/web/thing/thinkphp/library/think/view/driver/Think.php:82
Stack trace:
#0 /opt/web/thing/thinkphp/library/think/View.php(163): think\view\driver\Think->fetch('/opt/web/thing/...', Array, Array)
#1 /opt/web/thing/thinkphp/library/think/response/View.php(36): think\View->fetch('/opt/web/thing/...', Array, Array)
#2 /opt/web/thing/thinkphp/library/think/Response.php(309): think\response\View->output('/opt/web/thing/...')
#3 /opt/web/thing/thinkphp/library/think/Response.php(94): think\Response->getContent()
#4 /opt/web/thing/thinkphp/library/think/Error.php(52): think\Response->send()
#5 [internal function]: think\Error::appException(Object(think\exception\HttpException))
#6 {main}
  thrown
---------------------------------------------------------------
[ 2019-12-05T17:59:36+08:00 ] 172.26.2.252 GET /static/favicon.ico
[ error ] [1]Uncaught think\exception\TemplateNotFoundException: template not exists:/opt/web/thing/public/../application/404.html in /opt/web/thing/thinkphp/library/think/view/driver/Think.php:82
Stack trace:
#0 /opt/web/thing/thinkphp/library/think/View.php(163): think\view\driver\Think->fetch('/opt/web/thing/...', Array, Array)
#1 /opt/web/thing/thinkphp/library/think/response/View.php(36): think\View->fetch('/opt/web/thing/...', Array, Array)
#2 /opt/web/thing/thinkphp/library/think/Response.php(309): think\response\View->output('/opt/web/thing/...')
#3 /opt/web/thing/thinkphp/library/think/Response.php(94): think\Response->getContent()
#4 /opt/web/thing/thinkphp/library/think/Error.php(52): think\Response->send()
#5 [internal function]: think\Error::appException(Object(think\exception\HttpException))
#6 {main}
  thrown
